function: enumerations; handler: 0x805bfe8; (default: 0x80596e8)
function: init; handler: 0x805cc78; (default: 0x80596e8)
function: list-protocols; handler: 0x805da34; (default: 0x80596e8)
function: list-accounts; handler: 0x805d89c; (default: 0x80596e8)
libnm_glib_nm_state_cb: dbus returned an error.
  (org.freedesktop.DBus.Error.ServiceUnknown) The name org.freedesktop.NetworkManager was not provided by any .service files
function: add-account; handler: 0x8056d55; (default: 0x80596e8)
(_elim_status_changed)
oops, not handling extended account options yet
function: account-options; handler: 0x80566a4; (default: 0x80596e8)
function: set-account-options; handler: 0x805f380; (default: 0x80596e8)
function: connect; handler: 0x8059300; (default: 0x80596e8)
(_elim_connect_progress)
(_elim_report_disconnect_reason)
(_elim_disconnected)
function: connect; handler: 0x8059300; (default: 0x80596e8)
(_elim_connect_progress)
(_elim_report_disconnect_reason)
(_elim_disconnected)
function: account-options; handler: 0x80566a4; (default: 0x80596e8)
function: set-account-options; handler: 0x805f380; (default: 0x80596e8)
function: connect; handler: 0x8059300; (default: 0x80596e8)
(_elim_connect_progress)
(_elim_request_action)
storing action func: Accept = 0xb7c75f53
storing action func: Reject = 0xb7c75f6e
storing action func: _View Certificate... = 0xb7c75dd6
(_elim_request_action HANDLE: 0x80c0d48 . 0x80c05c0)function: elim-request-action; handler: 0x805f304; (default: 0x80596e8)
(_elim_request_action_cb)
( chosen action    : 0xb7c75f53
     matched action: 0xb7c75f53
(_elim_connect_progress)
(_elim_connect_progress)
(_elim_connect_progress)
(_elim_connect_progress)
(_elim_connected)
(_elim_bl_new_node)
(_elim_blnode_to_xnode)
(_elim_blnode_to_xnode BUDDY)
(_elim_bl_new_node)
(_elim_blnode_to_xnode)
(_elim_blnode_to_xnode GROUP)
(_elim_bl_new_node)
(_elim_bl_update)
(_elim_blnode_to_xnode)
(_elim_blnode_to_xnode BUDDY)
(_elim_blnode_to_xnode)
(_elim_blnode_to_xnode CONTACT
   name "April Livingood")
(_elim_bl_new_node)
(_elim_blnode_to_xnode)
(_elim_blnode_to_xnode BUDDY)
(_elim_bl_new_node)
(_elim_blnode_to_xnode)
(_elim_blnode_to_xnode GROUP)
(_elim_bl_update)
(_elim_blnode_to_xnode)
(_elim_blnode_to_xnode GROUP)
(_elim_blnode_to_xnode)
(_elim_blnode_to_xnode GROUP)
(_elim_bl_new_node)
(_elim_bl_update)
(_elim_blnode_to_xnode)
(_elim_blnode_to_xnode BUDDY)
(_elim_blnode_to_xnode)
(_elim_blnode_to_xnode CONTACT
   name "Vallard, Tyghe")
(_elim_bl_new_node)
(_elim_blnode_to_xnode)
(_elim_blnode_to_xnode BUDDY)
(_elim_bl_new_node)
(_elim_blnode_to_xnode)
(_elim_blnode_to_xnode GROUP)
(_elim_bl_update)
(_elim_blnode_to_xnode)
(_elim_blnode_to_xnode GROUP)
(_elim_blnode_to_xnode)
(_elim_blnode_to_xnode GROUP)
(_elim_bl_new_node)
(_elim_bl_update)
(_elim_blnode_to_xnode)
(_elim_blnode_to_xnode BUDDY)
(_elim_blnode_to_xnode)
(_elim_blnode_to_xnode CONTACT
   name "Ivan Judson")
(_elim_bl_new_node)
(_elim_blnode_to_xnode)
(_elim_blnode_to_xnode BUDDY)
(_elim_bl_new_node)
(_elim_bl_update)
(_elim_blnode_to_xnode)
(_elim_blnode_to_xnode BUDDY)
(_elim_blnode_to_xnode)
(_elim_blnode_to_xnode CONTACT
   name "Lisa Bogar")
(_elim_bl_new_node)
(_elim_blnode_to_xnode)
(_elim_blnode_to_xnode BUDDY)
(_elim_bl_new_node)
(_elim_bl_update)
(_elim_blnode_to_xnode)
(_elim_blnode_to_xnode BUDDY)
(_elim_blnode_to_xnode)
(_elim_blnode_to_xnode CONTACT
   name "jaderobbins@gmail.com")
(_elim_bl_new_node)
(_elim_blnode_to_xnode)
(_elim_blnode_to_xnode BUDDY)
(_elim_bl_new_node)
(_elim_bl_update)
(_elim_blnode_to_xnode)
(_elim_blnode_to_xnode BUDDY)
(_elim_blnode_to_xnode)
(_elim_blnode_to_xnode CONTACT
   name "Carol cjsrenne45")
(_elim_bl_new_node)
(_elim_blnode_to_xnode)
(_elim_blnode_to_xnode BUDDY)
(_elim_bl_new_node)
(_elim_blnode_to_xnode)
(_elim_blnode_to_xnode GROUP)
(_elim_bl_update)
(_elim_blnode_to_xnode)
(_elim_blnode_to_xnode GROUP)
(_elim_blnode_to_xnode)
(_elim_blnode_to_xnode GROUP)
(_elim_bl_new_node)
(_elim_bl_update)
(_elim_blnode_to_xnode)
(_elim_blnode_to_xnode BUDDY)
(_elim_blnode_to_xnode)
(_elim_blnode_to_xnode CONTACT
   name "Ben L")
(_elim_bl_new_node)
(_elim_blnode_to_xnode)
(_elim_blnode_to_xnode BUDDY)
(_elim_bl_new_node)
(_elim_bl_update)
(_elim_blnode_to_xnode)
(_elim_blnode_to_xnode BUDDY)
(_elim_blnode_to_xnode)
(_elim_blnode_to_xnode CONTACT
   name "Christopher Jaeger")
(_elim_bl_new_node)
(_elim_blnode_to_xnode)
(_elim_blnode_to_xnode BUDDY)
(_elim_bl_new_node)
(_elim_bl_update)
(_elim_blnode_to_xnode)
(_elim_blnode_to_xnode BUDDY)
(_elim_blnode_to_xnode)
(_elim_blnode_to_xnode CONTACT
   name "Ryan Heimbuch")
(_elim_bl_new_node)
(_elim_blnode_to_xnode)
(_elim_blnode_to_xnode BUDDY)
(_elim_bl_new_node)
(_elim_bl_update)
(_elim_blnode_to_xnode)
(_elim_blnode_to_xnode BUDDY)
(_elim_blnode_to_xnode)
(_elim_blnode_to_xnode CONTACT
   name "Adell")
(_elim_bl_new_node)
(_elim_blnode_to_xnode)
(_elim_blnode_to_xnode BUDDY)
(_elim_bl_new_node)
(_elim_bl_update)
(_elim_blnode_to_xnode)
(_elim_blnode_to_xnode BUDDY)
(_elim_blnode_to_xnode)
(_elim_blnode_to_xnode CONTACT
   name "Libbey K White")
(_elim_bl_new_node)
(_elim_blnode_to_xnode)
(_elim_blnode_to_xnode BUDDY)
(_elim_bl_new_node)
(_elim_bl_update)
(_elim_blnode_to_xnode)
(_elim_blnode_to_xnode BUDDY)
(_elim_blnode_to_xnode)
(_elim_blnode_to_xnode CONTACT
   name "+14065990809")
(_elim_bl_new_node)
(_elim_blnode_to_xnode)
(_elim_blnode_to_xnode BUDDY)
(_elim_bl_new_node)
(_elim_bl_update)
(_elim_blnode_to_xnode)
(_elim_blnode_to_xnode BUDDY)
(_elim_blnode_to_xnode)
(_elim_blnode_to_xnode CONTACT
   name "Joseph Agelace")
(_elim_bl_new_node)
(_elim_blnode_to_xnode)
(_elim_blnode_to_xnode BUDDY)
(_elim_bl_new_node)
(_elim_bl_update)
(_elim_blnode_to_xnode)
(_elim_blnode_to_xnode BUDDY)
(_elim_blnode_to_xnode)
(_elim_blnode_to_xnode CONTACT
   name "Ann M. Snowberger")
(_elim_bl_new_node)
(_elim_blnode_to_xnode)
(_elim_blnode_to_xnode BUDDY)
(_elim_bl_new_node)
(_elim_bl_update)
(_elim_blnode_to_xnode)
(_elim_blnode_to_xnode BUDDY)
(_elim_blnode_to_xnode)
(_elim_blnode_to_xnode CONTACT
   name "Ben @ services @ work")
(_elim_bl_new_node)
(_elim_blnode_to_xnode)
(_elim_blnode_to_xnode BUDDY)
(_elim_bl_new_node)
(_elim_bl_update)
(_elim_blnode_to_xnode)
(_elim_blnode_to_xnode BUDDY)
(_elim_blnode_to_xnode)
(_elim_blnode_to_xnode CONTACT
   name "Bree")
(_elim_bl_new_node)
(_elim_blnode_to_xnode)
(_elim_blnode_to_xnode BUDDY)
(_elim_bl_new_node)
(_elim_bl_update)
(_elim_blnode_to_xnode)
(_elim_blnode_to_xnode BUDDY)
(_elim_blnode_to_xnode)
(_elim_blnode_to_xnode CONTACT
   name "Graham")
(_elim_bl_new_node)
(_elim_blnode_to_xnode)
(_elim_blnode_to_xnode BUDDY)
(_elim_bl_new_node)
(_elim_bl_update)
(_elim_blnode_to_xnode)
(_elim_blnode_to_xnode BUDDY)
(_elim_blnode_to_xnode)
(_elim_blnode_to_xnode CONTACT
   name "Gwen Jacobs - Mac")
(_elim_bl_new_node)
(_elim_blnode_to_xnode)
(_elim_blnode_to_xnode BUDDY)
(_elim_bl_new_node)
(_elim_bl_update)
(_elim_blnode_to_xnode)
(_elim_blnode_to_xnode BUDDY)
(_elim_blnode_to_xnode)
(_elim_blnode_to_xnode CONTACT
   name "Ivan Judson")
(_elim_bl_new_node)
(_elim_blnode_to_xnode)
(_elim_blnode_to_xnode BUDDY)
(_elim_bl_new_node)
(_elim_bl_update)
(_elim_blnode_to_xnode)
(_elim_blnode_to_xnode BUDDY)
(_elim_blnode_to_xnode)
(_elim_blnode_to_xnode CONTACT
   name "Ivan @ services")
(_elim_bl_new_node)
(_elim_blnode_to_xnode)
(_elim_blnode_to_xnode BUDDY)
(_elim_bl_new_node)
(_elim_bl_update)
(_elim_blnode_to_xnode)
(_elim_blnode_to_xnode BUDDY)
(_elim_blnode_to_xnode)
(_elim_blnode_to_xnode CONTACT
   name "John P. Miller")
(_elim_bl_new_node)
(_elim_blnode_to_xnode)
(_elim_blnode_to_xnode BUDDY)
(_elim_bl_new_node)
(_elim_blnode_to_xnode)
(_elim_blnode_to_xnode GROUP)
(_elim_bl_update)
(_elim_blnode_to_xnode)
(_elim_blnode_to_xnode GROUP)
(_elim_blnode_to_xnode)
(_elim_blnode_to_xnode GROUP)
(_elim_bl_new_node)
(_elim_bl_update)
(_elim_blnode_to_xnode)
(_elim_blnode_to_xnode BUDDY)
(_elim_blnode_to_xnode)
(_elim_blnode_to_xnode CONTACT
   name "pingbot")
(_elim_bl_new_node)
(_elim_blnode_to_xnode)
(_elim_blnode_to_xnode BUDDY)
(_elim_bl_new_node)
(_elim_bl_update)
(_elim_blnode_to_xnode)
(_elim_blnode_to_xnode BUDDY)
(_elim_blnode_to_xnode)
(_elim_blnode_to_xnode CONTACT
   name "Cali")
(_elim_bl_new_node)
(_elim_blnode_to_xnode)
(_elim_blnode_to_xnode BUDDY)
(_elim_bl_new_node)
(_elim_bl_update)
(_elim_blnode_to_xnode)
(_elim_blnode_to_xnode BUDDY)
(_elim_blnode_to_xnode)
(_elim_blnode_to_xnode CONTACT
   name "levi.junkert")
(_elim_bl_new_node)
(_elim_blnode_to_xnode)
(_elim_blnode_to_xnode BUDDY)
(_elim_bl_new_node)
(_elim_bl_update)
(_elim_blnode_to_xnode)
(_elim_blnode_to_xnode BUDDY)
(_elim_blnode_to_xnode)
(_elim_blnode_to_xnode CONTACT
   name "William Hosbein")
(_elim_bl_new_node)
(_elim_blnode_to_xnode)
(_elim_blnode_to_xnode BUDDY)
(_elim_bl_new_node)
(_elim_bl_update)
(_elim_blnode_to_xnode)
(_elim_blnode_to_xnode BUDDY)
(_elim_blnode_to_xnode)
(_elim_blnode_to_xnode CONTACT
   name "Pol Llovet")
(_elim_bl_new_node)
(_elim_blnode_to_xnode)
(_elim_blnode_to_xnode BUDDY)
(_elim_bl_new_node)
(_elim_blnode_to_xnode)
(_elim_blnode_to_xnode GROUP)
(_elim_bl_update)
(_elim_blnode_to_xnode)
(_elim_blnode_to_xnode GROUP)
(_elim_blnode_to_xnode)
(_elim_blnode_to_xnode GROUP)
(_elim_bl_new_node)
(_elim_bl_update)
(_elim_blnode_to_xnode)
(_elim_blnode_to_xnode BUDDY)
(_elim_blnode_to_xnode)
(_elim_blnode_to_xnode CONTACT
   name "Joe @ punks")
(_elim_bl_new_node)
(_elim_blnode_to_xnode)
(_elim_blnode_to_xnode BUDDY)
(_elim_bl_new_node)
(_elim_blnode_to_xnode)
(_elim_blnode_to_xnode GROUP)
(_elim_bl_update)
(_elim_blnode_to_xnode)
(_elim_blnode_to_xnode GROUP)
(_elim_blnode_to_xnode)
(_elim_blnode_to_xnode GROUP)
(_elim_bl_new_node)
(_elim_bl_update)
(_elim_blnode_to_xnode)
(_elim_blnode_to_xnode BUDDY)
(_elim_blnode_to_xnode)
(_elim_blnode_to_xnode CONTACT
   name "Joe @ punks")
(_elim_bl_new_node)
(_elim_blnode_to_xnode)
(_elim_blnode_to_xnode BUDDY)
(_elim_bl_new_node)
(_elim_bl_update)
(_elim_blnode_to_xnode)
(_elim_blnode_to_xnode BUDDY)
(_elim_blnode_to_xnode)
(_elim_blnode_to_xnode CONTACT
   name "Todd Byrne @ gmail")
(_elim_bl_new_node)
(_elim_blnode_to_xnode)
(_elim_blnode_to_xnode BUDDY)
(_elim_bl_new_node)
(_elim_blnode_to_xnode)
(_elim_blnode_to_xnode GROUP)
(_elim_bl_update)
(_elim_blnode_to_xnode)
(_elim_blnode_to_xnode GROUP)
(_elim_blnode_to_xnode)
(_elim_blnode_to_xnode GROUP)
(_elim_bl_new_node)
(_elim_bl_update)
(_elim_blnode_to_xnode)
(_elim_blnode_to_xnode BUDDY)
(_elim_blnode_to_xnode)
(_elim_blnode_to_xnode CONTACT
   name "aim.jabber.meta.net.nz")
(_elim_bl_new_node)
(_elim_blnode_to_xnode)
(_elim_blnode_to_xnode BUDDY)
(_elim_bl_new_node)
(_elim_bl_update)
(_elim_blnode_to_xnode)
(_elim_blnode_to_xnode BUDDY)
(_elim_blnode_to_xnode)
(_elim_blnode_to_xnode CONTACT
   name "aolsystemmsg@aim.jabber.meta.net.nz")
(_elim_bl_new_node)
(_elim_blnode_to_xnode)
(_elim_blnode_to_xnode BUDDY)
(_elim_bl_new_node)
(_elim_bl_update)
(_elim_blnode_to_xnode)
(_elim_blnode_to_xnode BUDDY)
(_elim_blnode_to_xnode)
(_elim_blnode_to_xnode CONTACT
   name "ZAAAAAANNNNNEESSSS")
(_elim_bl_new_node)
(_elim_blnode_to_xnode)
(_elim_blnode_to_xnode BUDDY)
(_elim_bl_new_node)
(_elim_bl_update)
(_elim_blnode_to_xnode)
(_elim_blnode_to_xnode BUDDY)
(_elim_blnode_to_xnode)
(_elim_blnode_to_xnode CONTACT
   name "benlivingood@mac.com")
(_elim_bl_new_node)
(_elim_blnode_to_xnode)
(_elim_blnode_to_xnode BUDDY)
(_elim_bl_new_node)
(_elim_bl_update)
(_elim_blnode_to_xnode)
(_elim_blnode_to_xnode BUDDY)
(_elim_blnode_to_xnode)
(_elim_blnode_to_xnode CONTACT
   name " Clara Bodelon Aldworth")
(_elim_bl_new_node)
(_elim_blnode_to_xnode)
(_elim_blnode_to_xnode BUDDY)
(_elim_bl_new_node)
(_elim_bl_update)
(_elim_blnode_to_xnode)
(_elim_blnode_to_xnode BUDDY)
(_elim_blnode_to_xnode)
(_elim_blnode_to_xnode CONTACT
   name "Ben @ AOL")
(_elim_bl_new_node)
(_elim_blnode_to_xnode)
(_elim_blnode_to_xnode BUDDY)
(_elim_bl_new_node)
(_elim_bl_update)
(_elim_blnode_to_xnode)
(_elim_blnode_to_xnode BUDDY)
(_elim_blnode_to_xnode)
(_elim_blnode_to_xnode CONTACT
   name "libbey.white@services.montana.edu")
(_elim_bl_new_node)
(_elim_blnode_to_xnode)
(_elim_blnode_to_xnode BUDDY)
(_elim_bl_new_node)
(_elim_bl_update)
(_elim_blnode_to_xnode)
(_elim_blnode_to_xnode BUDDY)
(_elim_blnode_to_xnode)
(_elim_blnode_to_xnode CONTACT
   name "Thom Hughes @ mac")
(_elim_bl_new_node)
(_elim_blnode_to_xnode)
(_elim_blnode_to_xnode BUDDY)
(_elim_bl_new_node)
(_elim_bl_update)
(_elim_blnode_to_xnode)
(_elim_blnode_to_xnode BUDDY)
(_elim_blnode_to_xnode)
(_elim_blnode_to_xnode CONTACT
   name "traviswganje")
(_elim_bl_new_node)
(_elim_blnode_to_xnode)
(_elim_blnode_to_xnode BUDDY)
(_elim_bl_new_node)
(_elim_blnode_to_xnode)
(_elim_blnode_to_xnode GROUP)
(_elim_bl_update)
(_elim_blnode_to_xnode)
(_elim_blnode_to_xnode GROUP)
(_elim_blnode_to_xnode)
(_elim_blnode_to_xnode GROUP)
(_elim_bl_new_node)
(_elim_bl_update)
(_elim_blnode_to_xnode)
(_elim_blnode_to_xnode BUDDY)
(_elim_blnode_to_xnode)
(_elim_blnode_to_xnode CONTACT
   name "travis bulldog ganje")
(_elim_bl_new_node)
(_elim_blnode_to_xnode)
(_elim_blnode_to_xnode BUDDY)
(_elim_bl_new_node)
(_elim_bl_update)
(_elim_blnode_to_xnode)
(_elim_blnode_to_xnode BUDDY)
(_elim_blnode_to_xnode)
(_elim_blnode_to_xnode CONTACT
   name "cefrench@gmail.com")
(_elim_bl_new_node)
(_elim_blnode_to_xnode)
(_elim_blnode_to_xnode BUDDY)
(_elim_bl_new_node)
(_elim_bl_update)
(_elim_blnode_to_xnode)
(_elim_blnode_to_xnode BUDDY)
(_elim_blnode_to_xnode)
(_elim_blnode_to_xnode CONTACT
   name "Jason Rosen")
(_elim_bl_new_node)
(_elim_blnode_to_xnode)
(_elim_blnode_to_xnode BUDDY)
(_elim_bl_new_node)
(_elim_bl_update)
(_elim_blnode_to_xnode)
(_elim_blnode_to_xnode BUDDY)
(_elim_blnode_to_xnode)
(_elim_blnode_to_xnode CONTACT
   name "Libbey")
(_elim_bl_new_node)
(_elim_blnode_to_xnode)
(_elim_blnode_to_xnode BUDDY)
(_elim_bl_new_node)
(_elim_bl_update)
(_elim_blnode_to_xnode)
(_elim_blnode_to_xnode BUDDY)
(_elim_blnode_to_xnode)
(_elim_blnode_to_xnode CONTACT
   name "Martha Sellers")
(_elim_bl_update)
(_elim_blnode_to_xnode)
(_elim_blnode_to_xnode BUDDY)
(_elim_blnode_to_xnode)
(_elim_blnode_to_xnode CONTACT
   name "Lisa Bogar")
(_elim_bl_update)
(_elim_blnode_to_xnode)
(_elim_blnode_to_xnode BUDDY)
(_elim_blnode_to_xnode)
(_elim_blnode_to_xnode CONTACT
   name "Libbey")
(_elim_bl_update)
(_elim_blnode_to_xnode)
(_elim_blnode_to_xnode BUDDY)
(_elim_blnode_to_xnode)
(_elim_blnode_to_xnode CONTACT
   name "Libbey K White")
(_elim_bl_update)
(_elim_blnode_to_xnode)
(_elim_blnode_to_xnode BUDDY)
(_elim_blnode_to_xnode)
(_elim_blnode_to_xnode CONTACT
   name "April Livingood")
(_elim_bl_update)
(_elim_blnode_to_xnode)
(_elim_blnode_to_xnode BUDDY)
(_elim_blnode_to_xnode)
(_elim_blnode_to_xnode CONTACT
   name "Ben L")
(_elim_bl_update)
(_elim_blnode_to_xnode)
(_elim_blnode_to_xnode BUDDY)
(_elim_blnode_to_xnode)
(_elim_blnode_to_xnode CONTACT
   name "Ryan Heimbuch")
(_elim_bl_update)
(_elim_blnode_to_xnode)
(_elim_blnode_to_xnode BUDDY)
(_elim_blnode_to_xnode)
(_elim_blnode_to_xnode CONTACT
   name "Joe @ punks")
(_elim_bl_update)
(_elim_blnode_to_xnode)
(_elim_blnode_to_xnode BUDDY)
(_elim_blnode_to_xnode)
(_elim_blnode_to_xnode CONTACT
   name "Joe @ punks")
(_elim_bl_update)
(_elim_blnode_to_xnode)
(_elim_blnode_to_xnode BUDDY)
(_elim_blnode_to_xnode)
(_elim_blnode_to_xnode CONTACT
   name "Vallard, Tyghe")
(_elim_bl_update)
(_elim_blnode_to_xnode)
(_elim_blnode_to_xnode BUDDY)
(_elim_blnode_to_xnode)
(_elim_blnode_to_xnode CONTACT
   name "Todd Byrne @ gmail")
(_elim_bl_update)
(_elim_blnode_to_xnode)
(_elim_blnode_to_xnode BUDDY)
(_elim_blnode_to_xnode)
(_elim_blnode_to_xnode CONTACT
   name "cefrench@gmail.com")
(_elim_bl_update)
(_elim_blnode_to_xnode)
(_elim_blnode_to_xnode BUDDY)
(_elim_blnode_to_xnode)
(_elim_blnode_to_xnode CONTACT
   name "cefrench@gmail.com")
(_elim_bl_update)
(_elim_blnode_to_xnode)
(_elim_blnode_to_xnode BUDDY)
(_elim_blnode_to_xnode)
(_elim_blnode_to_xnode CONTACT
   name "levi.junkert")
(_elim_bl_update)
(_elim_blnode_to_xnode)
(_elim_blnode_to_xnode BUDDY)
(_elim_blnode_to_xnode)
(_elim_blnode_to_xnode CONTACT
   name "Carol cjsrenne45")
(_elim_bl_update)
(_elim_blnode_to_xnode)
(_elim_blnode_to_xnode BUDDY)
(_elim_blnode_to_xnode)
(_elim_blnode_to_xnode CONTACT
   name "Pol Llovet")
(_elim_bl_update)
(_elim_blnode_to_xnode)
(_elim_blnode_to_xnode BUDDY)
(_elim_blnode_to_xnode)
(_elim_blnode_to_xnode CONTACT
   name "jaderobbins@gmail.com")
(_elim_bl_update)
(_elim_blnode_to_xnode)
(_elim_blnode_to_xnode BUDDY)
(_elim_blnode_to_xnode)
(_elim_blnode_to_xnode CONTACT
   name "Joseph Agelace")
(_elim_bl_update)
(_elim_blnode_to_xnode)
(_elim_blnode_to_xnode BUDDY)
(_elim_blnode_to_xnode)
(_elim_blnode_to_xnode CONTACT
   name "libbey.white@services.montana.edu")
(_elim_bl_update)
(_elim_blnode_to_xnode)
(_elim_blnode_to_xnode BUDDY)
(_elim_blnode_to_xnode)
(_elim_blnode_to_xnode CONTACT
   name "Ben L")
(_elim_bl_update)
(_elim_blnode_to_xnode)
(_elim_blnode_to_xnode BUDDY)
(_elim_blnode_to_xnode)
(_elim_blnode_to_xnode CONTACT
   name "Vallard, Tyghe")
(_elim_bl_update)
(_elim_blnode_to_xnode)
(_elim_blnode_to_xnode BUDDY)
(_elim_blnode_to_xnode)
(_elim_blnode_to_xnode CONTACT
   name "cefrench@gmail.com")
(_elim_bl_update)
(_elim_blnode_to_xnode)
(_elim_blnode_to_xnode BUDDY)
(_elim_blnode_to_xnode)
(_elim_blnode_to_xnode CONTACT
   name "Ryan Heimbuch")
(_elim_bl_update)
(_elim_blnode_to_xnode)
(_elim_blnode_to_xnode BUDDY)
(_elim_blnode_to_xnode)
(_elim_blnode_to_xnode CONTACT
   name "Carol cjsrenne45")
(_elim_bl_update)
(_elim_blnode_to_xnode)
(_elim_blnode_to_xnode BUDDY)
(_elim_blnode_to_xnode)
(_elim_blnode_to_xnode CONTACT
   name "levi.junkert")
(_elim_bl_update)
(_elim_blnode_to_xnode)
(_elim_blnode_to_xnode BUDDY)
(_elim_blnode_to_xnode)
(_elim_blnode_to_xnode CONTACT
   name "jaderobbins@gmail.com")
(_elim_bl_update)
(_elim_blnode_to_xnode)
(_elim_blnode_to_xnode BUDDY)
(_elim_blnode_to_xnode)
(_elim_blnode_to_xnode CONTACT
   name "Pol Llovet")
(_elim_bl_update)
(_elim_blnode_to_xnode)
(_elim_blnode_to_xnode BUDDY)
(_elim_blnode_to_xnode)
(_elim_blnode_to_xnode CONTACT
   name "Lisa Bogar")
(_elim_bl_update)
(_elim_blnode_to_xnode)
(_elim_blnode_to_xnode BUDDY)
(_elim_blnode_to_xnode)
(_elim_blnode_to_xnode CONTACT
   name "Libbey")
(_elim_bl_update)
(_elim_blnode_to_xnode)
(_elim_blnode_to_xnode BUDDY)
(_elim_blnode_to_xnode)
(_elim_blnode_to_xnode CONTACT
   name "John P. Miller")
(_elim_bl_update)
(_elim_blnode_to_xnode)
(_elim_blnode_to_xnode BUDDY)
(_elim_blnode_to_xnode)
(_elim_blnode_to_xnode CONTACT
   name "Bree")
(_elim_bl_update)
(_elim_blnode_to_xnode)
(_elim_blnode_to_xnode BUDDY)
(_elim_blnode_to_xnode)
(_elim_blnode_to_xnode CONTACT
   name "Ann M. Snowberger")
(_elim_bl_update)
(_elim_blnode_to_xnode)
(_elim_blnode_to_xnode BUDDY)
(_elim_blnode_to_xnode)
(_elim_blnode_to_xnode CONTACT
   name "Graham")
(_elim_bl_update)
(_elim_blnode_to_xnode)
(_elim_blnode_to_xnode BUDDY)
(_elim_blnode_to_xnode)
(_elim_blnode_to_xnode CONTACT
   name "Cali")
(_elim_bl_update)
(_elim_blnode_to_xnode)
(_elim_blnode_to_xnode BUDDY)
(_elim_blnode_to_xnode)
(_elim_blnode_to_xnode CONTACT
   name "benlivingood@mac.com")
(_elim_bl_update)
(_elim_blnode_to_xnode)
(_elim_blnode_to_xnode BUDDY)
(_elim_blnode_to_xnode)
(_elim_blnode_to_xnode CONTACT
   name "traviswganje")
(_elim_bl_update)
(_elim_blnode_to_xnode)
(_elim_blnode_to_xnode BUDDY)
(_elim_blnode_to_xnode)
(_elim_blnode_to_xnode CONTACT
   name "aolsystemmsg@aim.jabber.meta.net.nz")
(_elim_bl_update)
(_elim_blnode_to_xnode)
(_elim_blnode_to_xnode BUDDY)
(_elim_blnode_to_xnode)
(_elim_blnode_to_xnode CONTACT
   name " Clara Bodelon Aldworth")
(_elim_bl_update)
(_elim_blnode_to_xnode)
(_elim_blnode_to_xnode BUDDY)
(_elim_blnode_to_xnode)
(_elim_blnode_to_xnode CONTACT
   name "Adell")
(_elim_bl_update)
(_elim_blnode_to_xnode)
(_elim_blnode_to_xnode BUDDY)
(_elim_blnode_to_xnode)
(_elim_blnode_to_xnode CONTACT
   name "Thom Hughes @ mac")
(_elim_bl_update)
(_elim_blnode_to_xnode)
(_elim_blnode_to_xnode BUDDY)
(_elim_blnode_to_xnode)
(_elim_blnode_to_xnode CONTACT
   name "travis bulldog ganje")
(_elim_bl_update)
(_elim_blnode_to_xnode)
(_elim_blnode_to_xnode BUDDY)
(_elim_blnode_to_xnode)
(_elim_blnode_to_xnode CONTACT
   name "Ben @ AOL")
(_elim_bl_update)
(_elim_blnode_to_xnode)
(_elim_blnode_to_xnode BUDDY)
(_elim_blnode_to_xnode)
(_elim_blnode_to_xnode CONTACT
   name "+14065990809")
(_elim_bl_update)
(_elim_blnode_to_xnode)
(_elim_blnode_to_xnode BUDDY)
(_elim_blnode_to_xnode)
(_elim_blnode_to_xnode CONTACT
   name "Gwen Jacobs - Mac")
(_elim_bl_update)
(_elim_blnode_to_xnode)
(_elim_blnode_to_xnode BUDDY)
(_elim_blnode_to_xnode)
(_elim_blnode_to_xnode CONTACT
   name "ZAAAAAANNNNNEESSSS")
(_elim_bl_update)
(_elim_blnode_to_xnode)
(_elim_blnode_to_xnode BUDDY)
(_elim_blnode_to_xnode)
(_elim_blnode_to_xnode CONTACT
   name "aim.jabber.meta.net.nz")
(_elim_bl_update)
(_elim_blnode_to_xnode)
(_elim_blnode_to_xnode BUDDY)
(_elim_blnode_to_xnode)
(_elim_blnode_to_xnode CONTACT
   name "benlivingood@mac.com")
(_elim_bl_update)
(_elim_blnode_to_xnode)
(_elim_blnode_to_xnode BUDDY)
(_elim_blnode_to_xnode)
(_elim_blnode_to_xnode CONTACT
   name "+14065990809")
(_elim_bl_update)
(_elim_blnode_to_xnode)
(_elim_blnode_to_xnode BUDDY)
(_elim_blnode_to_xnode)
(_elim_blnode_to_xnode CONTACT
   name "Ben @ AOL")
(_elim_bl_update)
(_elim_blnode_to_xnode)
(_elim_blnode_to_xnode BUDDY)
(_elim_blnode_to_xnode)
(_elim_blnode_to_xnode CONTACT
   name "Graham")
(_elim_bl_update)
(_elim_blnode_to_xnode)
(_elim_blnode_to_xnode BUDDY)
(_elim_blnode_to_xnode)
(_elim_blnode_to_xnode CONTACT
   name "aolsystemmsg@aim.jabber.meta.net.nz")
(_elim_bl_update)
(_elim_blnode_to_xnode)
(_elim_blnode_to_xnode BUDDY)
(_elim_blnode_to_xnode)
(_elim_blnode_to_xnode CONTACT
   name "Cali")
(_elim_bl_update)
(_elim_blnode_to_xnode)
(_elim_blnode_to_xnode BUDDY)
(_elim_blnode_to_xnode)
(_elim_blnode_to_xnode CONTACT
   name "Bree")
(_elim_bl_update)
(_elim_blnode_to_xnode)
(_elim_blnode_to_xnode BUDDY)
(_elim_blnode_to_xnode)
(_elim_blnode_to_xnode CONTACT
   name "Thom Hughes @ mac")
(_elim_bl_update)
(_elim_blnode_to_xnode)
(_elim_blnode_to_xnode BUDDY)
(_elim_blnode_to_xnode)
(_elim_blnode_to_xnode CONTACT
   name "travis bulldog ganje")
(_elim_bl_update)
(_elim_blnode_to_xnode)
(_elim_blnode_to_xnode BUDDY)
(_elim_blnode_to_xnode)
(_elim_blnode_to_xnode CONTACT
   name "John P. Miller")
(_elim_bl_update)
(_elim_blnode_to_xnode)
(_elim_blnode_to_xnode BUDDY)
(_elim_blnode_to_xnode)
(_elim_blnode_to_xnode CONTACT
   name "Gwen Jacobs - Mac")
(_elim_bl_update)
(_elim_blnode_to_xnode)
(_elim_blnode_to_xnode BUDDY)
(_elim_blnode_to_xnode)
(_elim_blnode_to_xnode CONTACT
   name "traviswganje")
(_elim_bl_update)
(_elim_blnode_to_xnode)
(_elim_blnode_to_xnode BUDDY)
(_elim_blnode_to_xnode)
(_elim_blnode_to_xnode CONTACT
   name " Clara Bodelon Aldworth")
(_elim_bl_update)
(_elim_blnode_to_xnode)
(_elim_blnode_to_xnode BUDDY)
(_elim_blnode_to_xnode)
(_elim_blnode_to_xnode CONTACT
   name "Adell")
(_elim_bl_update)
(_elim_blnode_to_xnode)
(_elim_blnode_to_xnode BUDDY)
(_elim_blnode_to_xnode)
(_elim_blnode_to_xnode CONTACT
   name "Ann M. Snowberger")
(_elim_bl_update)
(_elim_blnode_to_xnode)
(_elim_blnode_to_xnode BUDDY)
(_elim_blnode_to_xnode)
(_elim_blnode_to_xnode CONTACT
   name "ZAAAAAANNNNNEESSSS")
(_elim_bl_update)
(_elim_blnode_to_xnode)
(_elim_blnode_to_xnode BUDDY)
(_elim_blnode_to_xnode)
(_elim_blnode_to_xnode CONTACT
   name "aim.jabber.meta.net.nz")
(_elim_bl_update)
(_elim_blnode_to_xnode)
(_elim_blnode_to_xnode BUDDY)
(_elim_blnode_to_xnode)
(_elim_blnode_to_xnode CONTACT
   name "aolsystemmsg@aim.jabber.meta.net.nz")
(_elim_bl_update)
(_elim_blnode_to_xnode)
(_elim_blnode_to_xnode BUDDY)
(_elim_blnode_to_xnode)
(_elim_blnode_to_xnode CONTACT
   name "benlivingood@mac.com")
(_elim_bl_update)
(_elim_blnode_to_xnode)
(_elim_blnode_to_xnode BUDDY)
(_elim_blnode_to_xnode)
(_elim_blnode_to_xnode CONTACT
   name "Graham")
(_elim_bl_update)
(_elim_blnode_to_xnode)
(_elim_blnode_to_xnode BUDDY)
(_elim_blnode_to_xnode)
(_elim_blnode_to_xnode CONTACT
   name "+14065990809")
(_elim_bl_update)
(_elim_blnode_to_xnode)
(_elim_blnode_to_xnode BUDDY)
(_elim_blnode_to_xnode)
(_elim_blnode_to_xnode CONTACT
   name "Adell")
(_elim_bl_update)
(_elim_blnode_to_xnode)
(_elim_blnode_to_xnode BUDDY)
(_elim_blnode_to_xnode)
(_elim_blnode_to_xnode CONTACT
   name "John P. Miller")
(_elim_bl_update)
(_elim_blnode_to_xnode)
(_elim_blnode_to_xnode BUDDY)
(_elim_blnode_to_xnode)
(_elim_blnode_to_xnode CONTACT
   name "Thom Hughes @ mac")
(_elim_bl_update)
(_elim_blnode_to_xnode)
(_elim_blnode_to_xnode BUDDY)
(_elim_blnode_to_xnode)
(_elim_blnode_to_xnode CONTACT
   name "Ben @ AOL")
(_elim_bl_update)
(_elim_blnode_to_xnode)
(_elim_blnode_to_xnode BUDDY)
(_elim_blnode_to_xnode)
(_elim_blnode_to_xnode CONTACT
   name "travis bulldog ganje")
(_elim_bl_update)
(_elim_blnode_to_xnode)
(_elim_blnode_to_xnode BUDDY)
(_elim_blnode_to_xnode)
(_elim_blnode_to_xnode CONTACT
   name "Bree")
(_elim_bl_update)
(_elim_blnode_to_xnode)
(_elim_blnode_to_xnode BUDDY)
(_elim_blnode_to_xnode)
(_elim_blnode_to_xnode CONTACT
   name "Cali")
(_elim_bl_update)
(_elim_blnode_to_xnode)
(_elim_blnode_to_xnode BUDDY)
(_elim_blnode_to_xnode)
(_elim_blnode_to_xnode CONTACT
   name "Gwen Jacobs - Mac")
(_elim_bl_update)
(_elim_blnode_to_xnode)
(_elim_blnode_to_xnode BUDDY)
(_elim_blnode_to_xnode)
(_elim_blnode_to_xnode CONTACT
   name "ZAAAAAANNNNNEESSSS")
(_elim_bl_update)
(_elim_blnode_to_xnode)
(_elim_blnode_to_xnode BUDDY)
(_elim_blnode_to_xnode)
(_elim_blnode_to_xnode CONTACT
   name "aolsystemmsg@aim.jabber.meta.net.nz")
(_elim_bl_update)
(_elim_blnode_to_xnode)
(_elim_blnode_to_xnode BUDDY)
(_elim_blnode_to_xnode)
(_elim_blnode_to_xnode CONTACT
   name "benlivingood@mac.com")
(_elim_bl_update)
(_elim_blnode_to_xnode)
(_elim_blnode_to_xnode BUDDY)
(_elim_blnode_to_xnode)
(_elim_blnode_to_xnode CONTACT
   name "+14065990809")
(_elim_bl_update)
(_elim_blnode_to_xnode)
(_elim_blnode_to_xnode BUDDY)
(_elim_blnode_to_xnode)
(_elim_blnode_to_xnode CONTACT
   name "Ben @ AOL")
(_elim_bl_update)
(_elim_blnode_to_xnode)
(_elim_blnode_to_xnode BUDDY)
(_elim_blnode_to_xnode)
(_elim_blnode_to_xnode CONTACT
   name "Carol cjsrenne45")
function: status; handler: 0x8060028; (default: 0x80596e8)
(elim-debug entered _h_elim_status)(_elim_status_changed)
(elim-debug leaving _h_elim_status)(_elim_bl_update)
(_elim_blnode_to_xnode)
(_elim_blnode_to_xnode BUDDY)
(_elim_blnode_to_xnode)
(_elim_blnode_to_xnode CONTACT
   name "aim.jabber.meta.net.nz")
(_elim_bl_update)
(_elim_blnode_to_xnode)
(_elim_blnode_to_xnode BUDDY)
(_elim_blnode_to_xnode)
(_elim_blnode_to_xnode CONTACT
   name "benlivingood@mac.com")
function: status; handler: 0x8060028; (default: 0x80596e8)
(elim-debug entered _h_elim_status)(_elim_status_changed)
(elim-debug leaving _h_elim_status)(_elim_bl_update)
(_elim_blnode_to_xnode)
(_elim_blnode_to_xnode BUDDY)
(_elim_blnode_to_xnode)
(_elim_blnode_to_xnode CONTACT
   name "aim.jabber.meta.net.nz")
(_elim_bl_update)
(_elim_blnode_to_xnode)
(_elim_blnode_to_xnode BUDDY)
(_elim_blnode_to_xnode)
(_elim_blnode_to_xnode CONTACT
   name "benlivingood@mac.com")
function: account-menu; handler: 0x80561d8; (default: 0x80596e8)
(account-menu : found account 0x80b9250)
(account-menu : found connection 0x807ade0)
(account-menu : looking for actions... )
(account-menu : actions: 0x80eb400 )
(account-menu : action: Set User Info... )
(account-menu : action processed )
(account-menu : action: Change Password... )
(account-menu : action processed )
(account-menu : action: Search for Users... )
(account-menu : action processed )
(account-menu : DONE )
function: account-menu-action; handler: 0x8055cd8; (default: 0x80596e8)
(account-menu-action : found account 0x80b9250)
(account-menu-action : found connection 0x807ade0)
(account-menu-action : looking for actions... )
(account-menu-action : actions: 0x80ecb40 )
(account-menu-action : action: Set User Info... )
(_elim_request_fields
(_elim_request_fields HANDLE: 0x80f1638 . 0x814ed00)(account-menu-action : processed [1] )
(account-menu-action : action: Change Password... )
(account-menu-action : processed [0] )
(account-menu-action : action: Search for Users... )
(account-menu-action : processed [0] )
(account-menu-action : DONE )
function: elim-request-fields; handler: 0x805f304; (default: 0x80596e8)
(_elim_request_fields_cb)
function: buddy-menu; handler: 0x805854e; (default: 0x80596e8)
function: message; handler: 0x805daf8; (default: 0x80596e8)
(elim-debug entered _h_elim_message)(_elim_create_conversation)
(_elim_conv_args)
(_elim_write_im)
(_elim_conv_args)
(elim-debug leaving _h_elim_message)(_elim_bl_update)
(_elim_blnode_to_xnode)
(_elim_blnode_to_xnode BUDDY)
(_elim_blnode_to_xnode)
(_elim_blnode_to_xnode CONTACT
   name "Martha Sellers")
(_elim_bl_update)
(_elim_blnode_to_xnode)
(_elim_blnode_to_xnode BUDDY)
(_elim_blnode_to_xnode)
(_elim_blnode_to_xnode CONTACT
   name "Martha Sellers")
(_elim_bl_update)
(_elim_blnode_to_xnode)
(_elim_blnode_to_xnode BUDDY)
(_elim_blnode_to_xnode)
(_elim_blnode_to_xnode CONTACT
   name "Martha Sellers")
(_elim_status_changed)
(_elim_bl_update)
(_elim_blnode_to_xnode)
(_elim_blnode_to_xnode BUDDY)
(_elim_blnode_to_xnode)
(_elim_blnode_to_xnode CONTACT
   name "aim.jabber.meta.net.nz")
(_elim_bl_update)
(_elim_blnode_to_xnode)
(_elim_blnode_to_xnode BUDDY)
(_elim_blnode_to_xnode)
(_elim_blnode_to_xnode CONTACT
   name "benlivingood@mac.com")
(_elim_bl_update)
(_elim_blnode_to_xnode)
(_elim_blnode_to_xnode BUDDY)
(_elim_blnode_to_xnode)
(_elim_blnode_to_xnode CONTACT
   name "Martha Sellers")
(_elim_bl_update)
(_elim_blnode_to_xnode)
(_elim_blnode_to_xnode BUDDY)
(_elim_blnode_to_xnode)
(_elim_blnode_to_xnode CONTACT
   name "Martha Sellers")
