This file contains any messages produced by compilers while
running configure, to aid debugging if configure makes a mistake.

It was created by BBDB configure 2.35, which was
generated by GNU Autoconf 2.59.  Invocation command line was

  $ ./configure 

## --------- ##
## Platform. ##
## --------- ##

hostname = pubuntu
uname -m = i686
uname -r = 2.6.22.18-co-0.7.3
uname -s = Linux
uname -v = #1 PREEMPT Sat May 24 22:27:30 UTC 2008

/usr/bin/uname -p = unknown
/bin/uname -X     = unknown

/bin/arch              = unknown
/usr/bin/arch -k       = unknown
/usr/convex/getsysinfo = unknown
hostinfo               = unknown
/bin/machine           = unknown
/usr/bin/oslevel       = unknown
/bin/universe          = unknown

PATH: /usr/local/sbin
PATH: /usr/local/bin
PATH: /usr/sbin
PATH: /usr/bin
PATH: /sbin
PATH: /bin
PATH: /usr/games


## ----------- ##
## Core tests. ##
## ----------- ##

configure:1276: checking whether make sets $(MAKE)
configure:1296: result: yes
configure:1343: checking for a BSD-compatible install
configure:1398: result: /usr/bin/install -c
configure:1409: checking whether ln -s works
configure:1413: result: yes
configure:1422: checking for rm
configure:1440: found /bin/rm
configure:1453: result: /bin/rm
configure:1462: checking for grep
configure:1480: found /bin/grep
configure:1493: result: /bin/grep
configure:1501: checking for my keys
configure:1503: result: not found
configure:1511: checking for gtar
configure:1540: result: no
configure:1511: checking for tar
configure:1527: found /bin/tar
configure:1537: result: tar
configure:1548: checking that tar is GNU tar
configure:1555: result: yes
configure:1569: checking for gzip
configure:1585: found /bin/gzip
configure:1595: result: gzip
configure:1620: checking for makeinfo
configure:1649: result: no
configure:1654: WARNING: *** No makeinfo program found.
configure:1656: WARNING: *** Info files will not be built.
configure:1661: checking for texi2dvi
configure:1690: result: no
configure:1695: WARNING: *** No texi2dvi program found.
configure:1697: WARNING: *** DVI and PDF files will not be built.
configure:1702: checking for etags
configure:1718: found /usr/bin/etags
configure:1728: result: etags
configure:1751: checking for emacs
configure:1769: found /usr/bin/emacs
configure:1781: result: /usr/bin/emacs
configure:2123: creating ./config.status

## ---------------------- ##
## Running config.status. ##
## ---------------------- ##

This file was extended by BBDB config.status 2.35, which was
generated by GNU Autoconf 2.59.  Invocation command line was

  CONFIG_FILES    = 
  CONFIG_HEADERS  = 
  CONFIG_LINKS    = 
  CONFIG_COMMANDS = 
  $ ./config.status 

on pubuntu

config.status:665: creating Makefile
config.status:665: creating lisp/Makefile
config.status:665: creating texinfo/Makefile
config.status:665: creating tex/Makefile
config.status:665: creating utils/Makefile

## ---------------- ##
## Cache variables. ##
## ---------------- ##

ac_cv_env_build_alias_set=
ac_cv_env_build_alias_value=
ac_cv_env_host_alias_set=
ac_cv_env_host_alias_value=
ac_cv_env_target_alias_set=
ac_cv_env_target_alias_value=
ac_cv_path_EMACS_PROG=/usr/bin/emacs
ac_cv_path_GREP=/bin/grep
ac_cv_path_RM=/bin/rm
ac_cv_path_install='/usr/bin/install -c'
ac_cv_prog_COMPRESS=gzip
ac_cv_prog_ETAGS=etags
ac_cv_prog_TAR=tar
ac_cv_prog_make_make_set=yes

## ----------------- ##
## Output variables. ##
## ----------------- ##

BBDB_GNUS='gnus'
BBDB_LOADPATH='./loadpath.el'
BBDB_MHE=''
BBDB_REPORTMAIL=''
BBDB_RMAIL=''
BBDB_SC='bbdb-sc.elc'
BBDB_SRV=''
BBDB_VM=''
COMPEXT='gz'
COMPRESS='gzip --verbose --best'
DEFS='-DPACKAGE_NAME=\"BBDB\" -DPACKAGE_TARNAME=\"bbdb\" -DPACKAGE_VERSION=\"2.35\" -DPACKAGE_STRING=\"BBDB\ 2.35\" -DPACKAGE_BUGREPORT=\"bbdb-info@lists.sourceforge.net\" '
ECHO_C=''
ECHO_N='-n'
ECHO_T=''
EMACS_PROG='/usr/bin/emacs'
ETAGS='etags'
GNUSDIR=''
GREP='/bin/grep'
GREPCONTEXT=''
HUSHMAKE='@'
INSTALL_DATA='${INSTALL} -m 644'
INSTALL_PROGRAM='${INSTALL}'
INSTALL_SCRIPT='${INSTALL}'
LIBOBJS=''
LIBS=''
LINKPATH=''
LN_S='ln -s'
LTLIBOBJS=''
MAKEINFO=''
MHEDIR=''
OTHERDIRS=''
PACKAGEDIR='/usr/lib/xemacs/site-packages'
PACKAGE_BUGREPORT='bbdb-info@lists.sourceforge.net'
PACKAGE_NAME='BBDB'
PACKAGE_STRING='BBDB 2.35'
PACKAGE_TARNAME='bbdb'
PACKAGE_VERSION='2.35'
PATH_SEPARATOR=':'
RM='/bin/rm -f'
SET_MAKE=''
SHELL='/bin/bash'
SYMLINKS='no'
TAR='tar'
TEXI2DVI=''
VMDIR=''
bindir='${exec_prefix}/bin'
build_alias=''
datadir='${prefix}/share'
exec_prefix='${prefix}'
host_alias=''
includedir='${prefix}/include'
infodir='${prefix}/info'
libdir='${exec_prefix}/lib'
libexecdir='${exec_prefix}/libexec'
localstatedir='${prefix}/var'
mandir='${prefix}/man'
oldincludedir='/usr/include'
prefix='/usr/local'
program_transform_name='s,x,x,'
sbindir='${exec_prefix}/sbin'
sharedstatedir='${prefix}/com'
sysconfdir='${prefix}/etc'
target_alias=''

## ----------- ##
## confdefs.h. ##
## ----------- ##

#define PACKAGE_BUGREPORT "bbdb-info@lists.sourceforge.net"
#define PACKAGE_NAME "BBDB"
#define PACKAGE_STRING "BBDB 2.35"
#define PACKAGE_TARNAME "bbdb"
#define PACKAGE_VERSION "2.35"

configure: exit 0
